<?xml version="1.0" encoding="UTF-8"?>
<testsuite xmlns:xsi="http://www.w3.org/2001/XMLSchema-instance" xsi:noNamespaceSchemaLocation="https://maven.apache.org/surefire/maven-surefire-plugin/xsd/surefire-test-report-3.0.xsd" version="3.0" name="com.example.demo.CrmApplicationTests" time="7.665" tests="1" errors="0" skipped="0" failures="0">
  <properties>
[...]
</properties>
  <testcase name="contextLoads" classname="com.example.demo.CrmApplicationTests" time="1.739">
    <system-out><![CDATA[09:34:58.458 [main] INFO org.springframework.test.context.support.AnnotationConfigContextLoaderUtils -- Could not detect default configuration classes for test class [com.example.demo.CrmApplicationTests]: CrmApplicationTests does not declare any static, non-private, non-final, nested classes annotated with @Configuration.
09:34:58.642 [main] INFO org.springframework.boot.test.context.SpringBootTestContextBootstrapper -- Found @SpringBootConfiguration com.example.demo.CrmApplication for test class com.example.demo.CrmApplicationTests
09:34:59.021 [main] INFO org.springframework.boot.devtools.restart.RestartApplicationListener -- Restart disabled due to context in which it is running

  .   ____          _            __ _ _
 /\\ / ___'_ __ _ _(_)_ __  __ _ \ \ \ \
( ( )\___ | '_ | '_| | '_ \/ _` | \ \ \ \
 \\/  ___)| |_)| | | | | || (_| |  ) ) ) )
  '  |____| .__|_| |_|_| |_\__, | / / / /
 =========|_|==============|___/=/_/_/_/
 :: Spring Boot ::                (v3.2.5)

2024-09-06T09:34:59.427-05:00  INFO 23924 --- [CRM] [           main] com.example.demo.CrmApplicationTests     : Starting CrmApplicationTests using Java 17.0.10 with PID 23924 (started by Danna Millan in C:\TrabajosSpring\CRM)
2024-09-06T09:34:59.430-05:00  INFO 23924 --- [CRM] [           main] com.example.demo.CrmApplicationTests     : No active profile set, falling back to 1 default profile: "default"
2024-09-06T09:35:00.672-05:00  INFO 23924 --- [CRM] [           main] .s.d.r.c.RepositoryConfigurationDelegate : Bootstrapping Spring Data MongoDB repositories in DEFAULT mode.
2024-09-06T09:35:00.814-05:00  INFO 23924 --- [CRM] [           main] .s.d.r.c.RepositoryConfigurationDelegate : Finished Spring Data repository scanning in 129 ms. Found 5 MongoDB repository interfaces.
2024-09-06T09:35:01.907-05:00  INFO 23924 --- [CRM] [           main] org.mongodb.driver.client                : MongoClient with metadata {"driver": {"name": "mongo-java-driver|sync|spring-boot", "version": "4.11.2"}, "os": {"type": "Windows", "name": "Windows 11", "architecture": "amd64", "version": "10.0"}, "platform": "Java/Eclipse Adoptium/17.0.10+7"} created with settings MongoClientSettings{readPreference=primary, writeConcern=WriteConcern{w=null, wTimeout=null ms, journal=null}, retryWrites=true, retryReads=true, readConcern=ReadConcern{level=null}, credential=MongoCredential{mechanism=null, userName='davamiso27', source='admin', password=<hidden>, mechanismProperties=<hidden>}, transportSettings=null, streamFactoryFactory=null, commandListeners=[], codecRegistry=ProvidersCodecRegistry{codecProviders=[ValueCodecProvider{}, BsonValueCodecProvider{}, DBRefCodecProvider{}, DBObjectCodecProvider{}, DocumentCodecProvider{}, CollectionCodecProvider{}, IterableCodecProvider{}, MapCodecProvider{}, GeoJsonCodecProvider{}, GridFSFileCodecProvider{}, Jsr310CodecProvider{}, JsonObjectCodecProvider{}, BsonCodecProvider{}, EnumCodecProvider{}, com.mongodb.client.model.mql.ExpressionCodecProvider@679dd234, com.mongodb.Jep395RecordCodecProvider@60cb1ed6, com.mongodb.KotlinCodecProvider@1e5eb20a]}, loggerSettings=LoggerSettings{maxDocumentLength=1000}, clusterSettings={hosts=[127.0.0.1:27017], srvHost=danna.zmadu.mongodb.net, srvServiceName=mongodb, mode=MULTIPLE, requiredClusterType=REPLICA_SET, requiredReplicaSetName='atlas-ypv3w9-shard-0', serverSelector='null', clusterListeners='[]', serverSelectionTimeout='30000 ms', localThreshold='15 ms'}, socketSettings=SocketSettings{connectTimeoutMS=10000, readTimeoutMS=0, receiveBufferSize=0, proxySettings=ProxySettings{host=null, port=null, username=null, password=null}}, heartbeatSocketSettings=SocketSettings{connectTimeoutMS=10000, readTimeoutMS=10000, receiveBufferSize=0, proxySettings=ProxySettings{host=null, port=null, username=null, password=null}}, connectionPoolSettings=ConnectionPoolSettings{maxSize=100, minSize=0, maxWaitTimeMS=120000, maxConnectionLifeTimeMS=0, maxConnectionIdleTimeMS=0, maintenanceInitialDelayMS=0, maintenanceFrequencyMS=60000, connectionPoolListeners=[], maxConnecting=2}, serverSettings=ServerSettings{heartbeatFrequencyMS=10000, minHeartbeatFrequencyMS=500, serverListeners='[]', serverMonitorListeners='[]'}, sslSettings=SslSettings{enabled=true, invalidHostNameAllowed=false, context=null}, applicationName='null', compressorList=[], uuidRepresentation=JAVA_LEGACY, serverApi=null, autoEncryptionSettings=null, dnsClient=null, inetAddressResolver=null, contextProvider=null}
2024-09-06T09:35:01.997-05:00  INFO 23924 --- [CRM] [adu.mongodb.net] org.mongodb.driver.cluster               : Adding discovered server danna-shard-00-02.zmadu.mongodb.net:27017 to client view of cluster
2024-09-06T09:35:02.051-05:00  INFO 23924 --- [CRM] [adu.mongodb.net] org.mongodb.driver.cluster               : Adding discovered server danna-shard-00-00.zmadu.mongodb.net:27017 to client view of cluster
2024-09-06T09:35:02.056-05:00  INFO 23924 --- [CRM] [adu.mongodb.net] org.mongodb.driver.cluster               : Adding discovered server danna-shard-00-01.zmadu.mongodb.net:27017 to client view of cluster
2024-09-06T09:35:02.982-05:00  INFO 23924 --- [CRM] [ngodb.net:27017] org.mongodb.driver.cluster               : Monitor thread successfully connected to server with description ServerDescription{address=danna-shard-00-00.zmadu.mongodb.net:27017, type=REPLICA_SET_SECONDARY, state=CONNECTED, ok=true, minWireVersion=0, maxWireVersion=21, maxDocumentSize=16777216, logicalSessionTimeoutMinutes=30, roundTripTimeNanos=533196200, setName='atlas-ypv3w9-shard-0', canonicalAddress=danna-shard-00-00.zmadu.mongodb.net:27017, hosts=[danna-shard-00-01.zmadu.mongodb.net:27017, danna-shard-00-00.zmadu.mongodb.net:27017, danna-shard-00-02.zmadu.mongodb.net:27017], passives=[], arbiters=[], primary='danna-shard-00-02.zmadu.mongodb.net:27017', tagSet=TagSet{[Tag{name='availabilityZone', value='use1-az6'}, Tag{name='diskState', value='READY'}, Tag{name='nodeType', value='ELECTABLE'}, Tag{name='provider', value='AWS'}, Tag{name='region', value='US_EAST_1'}, Tag{name='workloadType', value='OPERATIONAL'}]}, electionId=null, setVersion=105, topologyVersion=TopologyVersion{processId=66cbe40fd5313e2048bc0a7b, counter=5}, lastWriteDate=Fri Sep 06 09:35:02 COT 2024, lastUpdateTimeNanos=89465605345200}
2024-09-06T09:35:02.982-05:00  INFO 23924 --- [CRM] [ngodb.net:27017] org.mongodb.driver.cluster               : Monitor thread successfully connected to server with description ServerDescription{address=danna-shard-00-02.zmadu.mongodb.net:27017, type=REPLICA_SET_PRIMARY, state=CONNECTED, ok=true, minWireVersion=0, maxWireVersion=21, maxDocumentSize=16777216, logicalSessionTimeoutMinutes=30, roundTripTimeNanos=533127900, setName='atlas-ypv3w9-shard-0', canonicalAddress=danna-shard-00-02.zmadu.mongodb.net:27017, hosts=[danna-shard-00-01.zmadu.mongodb.net:27017, danna-shard-00-00.zmadu.mongodb.net:27017, danna-shard-00-02.zmadu.mongodb.net:27017], passives=[], arbiters=[], primary='danna-shard-00-02.zmadu.mongodb.net:27017', tagSet=TagSet{[Tag{name='availabilityZone', value='use1-az5'}, Tag{name='diskState', value='READY'}, Tag{name='nodeType', value='ELECTABLE'}, Tag{name='provider', value='AWS'}, Tag{name='region', value='US_EAST_1'}, Tag{name='workloadType', value='OPERATIONAL'}]}, electionId=7fffffff000000000000009d, setVersion=105, topologyVersion=TopologyVersion{processId=66cbe338ceb36877f2073539, counter=9}, lastWriteDate=Fri Sep 06 09:35:02 COT 2024, lastUpdateTimeNanos=89465605350200}
2024-09-06T09:35:02.983-05:00  INFO 23924 --- [CRM] [ngodb.net:27017] org.mongodb.driver.cluster               : Monitor thread successfully connected to server with description ServerDescription{address=danna-shard-00-01.zmadu.mongodb.net:27017, type=REPLICA_SET_SECONDARY, state=CONNECTED, ok=true, minWireVersion=0, maxWireVersion=21, maxDocumentSize=16777216, logicalSessionTimeoutMinutes=30, roundTripTimeNanos=533023200, setName='atlas-ypv3w9-shard-0', canonicalAddress=danna-shard-00-01.zmadu.mongodb.net:27017, hosts=[danna-shard-00-01.zmadu.mongodb.net:27017, danna-shard-00-00.zmadu.mongodb.net:27017, danna-shard-00-02.zmadu.mongodb.net:27017], passives=[], arbiters=[], primary='danna-shard-00-02.zmadu.mongodb.net:27017', tagSet=TagSet{[Tag{name='availabilityZone', value='use1-az1'}, Tag{name='diskState', value='READY'}, Tag{name='nodeType', value='ELECTABLE'}, Tag{name='provider', value='AWS'}, Tag{name='region', value='US_EAST_1'}, Tag{name='workloadType', value='OPERATIONAL'}]}, electionId=null, setVersion=105, topologyVersion=TopologyVersion{processId=66cbe5420626341435fd7117, counter=5}, lastWriteDate=Fri Sep 06 09:35:02 COT 2024, lastUpdateTimeNanos=89465605178100}
2024-09-06T09:35:02.990-05:00  INFO 23924 --- [CRM] [ngodb.net:27017] org.mongodb.driver.cluster               : Discovered replica set primary danna-shard-00-02.zmadu.mongodb.net:27017 with max election id 7fffffff000000000000009d and max set version 105
2024-09-06T09:35:03.280-05:00  INFO 23924 --- [CRM] [           main] o.s.b.a.w.s.WelcomePageHandlerMapping    : Adding welcome page template: index
2024-09-06T09:35:04.026-05:00  INFO 23924 --- [CRM] [           main] com.example.demo.CrmApplicationTests     : Started CrmApplicationTests in 5.024 seconds (process running for 7.14)
]]></system-out>
  </testcase>
</testsuite>